app/build/intermediates/manifest_merge_blame_file/debug/manifest-merger-blame-debug-report.txt
1<?xml version="1.0" encoding="utf-8"?>
2<manifest xmlns:android="http://schemas.android.com/apk/res/android"
3    package="com.example.gumbuddy"
4    android:versionCode="1"
5    android:versionName="1.0" >
6
7    <uses-sdk
8        android:minSdkVersion="24"
8-->src/main/AndroidManifest.xml
9        android:targetSdkVersion="33" />
9-->src/main/AndroidManifest.xml
10
11    <permission
11-->[androidx.core:core:1.9.0] AndroidManifest.xml:22:5-24:47
12        android:name="com.example.gumbuddy.DYNAMIC_RECEIVER_NOT_EXPORTED_PERMISSION"
12-->[androidx.core:core:1.9.0] AndroidManifest.xml:23:9-81
13        android:protectionLevel="signature" />
13-->[androidx.core:core:1.9.0] AndroidManifest.xml:24:9-44
14
15    <uses-permission android:name="com.example.gumbuddy.DYNAMIC_RECEIVER_NOT_EXPORTED_PERMISSION" />
15-->[androidx.core:core:1.9.0] AndroidManifest.xml:26:5-97
15-->[androidx.core:core:1.9.0] AndroidManifest.xml:26:22-94
16
17    <application
17-->src/main/AndroidManifest.xml:5:5-28:19
18        android:allowBackup="true"
18-->src/main/AndroidManifest.xml:6:9-35
19        android:appComponentFactory="androidx.core.app.CoreComponentFactory"
19-->[androidx.core:core:1.9.0] AndroidManifest.xml:28:18-86
20        android:dataExtractionRules="@xml/data_extraction_rules"
20-->src/main/AndroidManifest.xml:7:9-65
21        android:debuggable="true"
22        android:extractNativeLibs="false"
23        android:fullBackupContent="@xml/backup_rules"
23-->src/main/AndroidManifest.xml:8:9-54
24        android:icon="@mipmap/ic_launcher"
24-->src/main/AndroidManifest.xml:9:9-43
25        android:label="@string/app_name"
25-->src/main/AndroidManifest.xml:10:9-41
26        android:roundIcon="@mipmap/ic_launcher_round"
26-->src/main/AndroidManifest.xml:11:9-54
27        android:supportsRtl="true"
27-->src/main/AndroidManifest.xml:12:9-35
28        android:testOnly="true"
29        android:theme="@style/Theme.GumBuddy" >
29-->src/main/AndroidManifest.xml:13:9-46
30        <activity
30-->src/main/AndroidManifest.xml:15:9-27:20
31            android:name="com.example.gumbuddy.ui.MainActivity"
31-->src/main/AndroidManifest.xml:16:13-44
32            android:exported="true" >
32-->src/main/AndroidManifest.xml:17:13-36
33            <intent-filter>
33-->src/main/AndroidManifest.xml:18:13-22:29
34                <action android:name="android.intent.action.MAIN" />
34-->src/main/AndroidManifest.xml:19:17-69
34-->src/main/AndroidManifest.xml:19:25-66
35
36                <category android:name="android.intent.category.LAUNCHER" />
36-->src/main/AndroidManifest.xml:21:17-77
36-->src/main/AndroidManifest.xml:21:27-74
37            </intent-filter>
38
39            <meta-data
39-->src/main/AndroidManifest.xml:24:13-26:36
40                android:name="android.app.lib_name"
40-->src/main/AndroidManifest.xml:25:17-52
41                android:value="" />
41-->src/main/AndroidManifest.xml:26:17-33
42        </activity>
43
44        <uses-library
44-->[androidx.window:window:1.0.0] AndroidManifest.xml:25:9-27:40
45            android:name="androidx.window.extensions"
45-->[androidx.window:window:1.0.0] AndroidManifest.xml:26:13-54
46            android:required="false" />
46-->[androidx.window:window:1.0.0] AndroidManifest.xml:27:13-37
47        <uses-library
47-->[androidx.window:window:1.0.0] AndroidManifest.xml:28:9-30:40
48            android:name="androidx.window.sidecar"
48-->[androidx.window:window:1.0.0] AndroidManifest.xml:29:13-51
49            android:required="false" />
49-->[androidx.window:window:1.0.0] AndroidManifest.xml:30:13-37
50
51        <provider
51-->[androidx.emoji2:emoji2:1.2.0] AndroidManifest.xml:24:9-32:20
52            android:name="androidx.startup.InitializationProvider"
52-->[androidx.emoji2:emoji2:1.2.0] AndroidManifest.xml:25:13-67
53            android:authorities="com.example.gumbuddy.androidx-startup"
53-->[androidx.emoji2:emoji2:1.2.0] AndroidManifest.xml:26:13-68
54            android:exported="false" >
54-->[androidx.emoji2:emoji2:1.2.0] AndroidManifest.xml:27:13-37
55            <meta-data
55-->[androidx.emoji2:emoji2:1.2.0] AndroidManifest.xml:29:13-31:52
56                android:name="androidx.emoji2.text.EmojiCompatInitializer"
56-->[androidx.emoji2:emoji2:1.2.0] AndroidManifest.xml:30:17-75
57                android:value="androidx.startup" />
57-->[androidx.emoji2:emoji2:1.2.0] AndroidManifest.xml:31:17-49
58            <meta-data
58-->[androidx.lifecycle:lifecycle-process:2.4.1] AndroidManifest.xml:31:13-33:52
59                android:name="androidx.lifecycle.ProcessLifecycleInitializer"
59-->[androidx.lifecycle:lifecycle-process:2.4.1] AndroidManifest.xml:32:17-78
60                android:value="androidx.startup" />
60-->[androidx.lifecycle:lifecycle-process:2.4.1] AndroidManifest.xml:33:17-49
61        </provider>
62
63        <service
63-->[androidx.room:room-runtime:2.4.3] AndroidManifest.xml:25:9-28:40
64            android:name="androidx.room.MultiInstanceInvalidationService"
64-->[androidx.room:room-runtime:2.4.3] AndroidManifest.xml:26:13-74
65            android:directBootAware="true"
65-->[androidx.room:room-runtime:2.4.3] AndroidManifest.xml:27:13-43
66            android:exported="false" />
66-->[androidx.room:room-runtime:2.4.3] AndroidManifest.xml:28:13-37
67    </application>
68
69</manifest>